dspl_ellip_cd k = 0.999.........................OK     err = 1.754025E-015
dspl_ellip_cd k = 0.990.........................OK     err = 2.448607E-015
dspl_ellip_cd k = 0.900.........................OK     err = 1.783392E-015
dspl_ellip_cd k = 0.700.........................OK     err = 2.983849E-015
dspl_ellip_sn k = 0.999.........................OK     err = 6.633766E-015
dspl_ellip_sn k = 0.990.........................OK     err = 1.637416E-015
dspl_ellip_sn k = 0.900.........................OK     err = 1.231599E-015
dspl_ellip_sn k = 0.700.........................OK     err = 4.298514E-016
dspl_ellip_acd k = 0.999........................OK     err = 3.217819E-016
dspl_ellip_acd k = 0.990........................OK     err = 4.089573E-016
dspl_ellip_acd k = 0.900........................OK     err = 4.797747E-016
dspl_ellip_acd k = 0.700........................OK     err = 6.318684E-016
dspl_ellip_asn k = 0.999........................OK     err = 1.200099E-015
dspl_ellip_asn k = 0.990........................OK     err = 1.157564E-015
dspl_ellip_asn k = 0.900........................OK     err = 9.328374E-016
dspl_ellip_asn k = 0.700........................OK     err = 1.041576E-015
dspl_ellipk.....................................OK     err = 2.646065E-016
dspl_fft........................................OK     err = 0.000000E+000
dspl_ifft.......................................OK     err = 1.570092E-016
dspl_hilbert (even length)......................OK     err = 3.386249E-016
dspl_hilbert (odd length).......................OK     err = 3.487900E-016
dspl_histogram_norm for rand....................OK     err = 7.896391E-016
dspl_histogram_norm for randn...................OK     err = 3.764630E-016
dspl_acos_cmplx.................................OK     err = 2.001175E-014
dspl_asin_cmplx.................................OK     err = 2.000153E-014
dspl_cos_cmplx..................................OK     err = 1.654863E-016
dspl_sin_cmplx..................................OK     err = 1.654863E-016
dspl_sqrt_cmplx.................................OK     err = 2.379698E-016
dspl_log_cmplx..................................OK     err = 1.593233E-016
dspl_pwelch (psd even length)...................ERROR  err = 9.009107E-003
dspl_pwelch (freq even length)..................OK     err = 0.000000E+000
